<?xml version="1.0" encoding="UTF-8"?>
<coverage generated="1318847566">
  <project timestamp="1318847566">
    <file name="/home/jaceituno/Projects/WeatherGuy/src/WeatherGuy/Engine/IWeather.php">
      <line num="12" type="stmt" count="0"/>
      <line num="16" type="stmt" count="0"/>
      <metrics loc="15" ncloc="9" classes="0" methods="0" coveredmethods="0" conditionals="0" coveredconditionals="0" statements="2" coveredstatements="0" elements="2" coveredelements="0"/>
    </file>
    <file name="/home/jaceituno/Projects/WeatherGuy/src/WeatherGuy/Engine/WeatherEngine.php">
      <class name="WeatherEngine" namespace="global">
        <metrics methods="1" coveredmethods="0" conditionals="0" coveredconditionals="0" statements="1" coveredstatements="0" elements="2" coveredelements="0"/>
      </class>
      <line num="16" type="stmt" count="0"/>
      <line num="19" type="method" name="getWeatherInformation" crap="2" count="0"/>
      <line num="22" type="stmt" count="0"/>
      <line num="25" type="stmt" count="0"/>
      <metrics loc="24" ncloc="18" classes="1" methods="1" coveredmethods="0" conditionals="0" coveredconditionals="0" statements="3" coveredstatements="0" elements="4" coveredelements="0"/>
    </file>
    <file name="/home/jaceituno/Projects/WeatherGuy/src/WeatherGuy/Engine/WeatherEngineInterface.php">
      <line num="16" type="stmt" count="0"/>
      <line num="20" type="stmt" count="0"/>
      <metrics loc="19" ncloc="13" classes="0" methods="0" coveredmethods="0" conditionals="0" coveredconditionals="0" statements="2" coveredstatements="0" elements="2" coveredelements="0"/>
    </file>
    <file name="/home/jaceituno/Projects/WeatherGuy/src/WeatherGuy/Finder/IWeatherFinder.php">
      <line num="13" type="stmt" count="0"/>
      <line num="23" type="stmt" count="0"/>
      <metrics loc="22" ncloc="10" classes="0" methods="0" coveredmethods="0" conditionals="0" coveredconditionals="0" statements="2" coveredstatements="0" elements="2" coveredelements="0"/>
    </file>
    <file name="/home/jaceituno/Projects/WeatherGuy/src/WeatherGuy/Finder/IWeatherLocation.php">
      <line num="12" type="stmt" count="0"/>
      <line num="16" type="stmt" count="0"/>
      <metrics loc="15" ncloc="9" classes="0" methods="0" coveredmethods="0" conditionals="0" coveredconditionals="0" statements="2" coveredstatements="0" elements="2" coveredelements="0"/>
    </file>
    <file name="/home/jaceituno/Projects/WeatherGuy/src/WeatherGuy/WeatherGuy.php">
      <class name="WeatherGuy" namespace="global">
        <metrics methods="2" coveredmethods="0" conditionals="0" coveredconditionals="0" statements="4" coveredstatements="0" elements="6" coveredelements="0"/>
      </class>
      <line num="12" type="stmt" count="1"/>
      <line num="18" type="method" name="__construct" crap="2" count="0"/>
      <line num="20" type="stmt" count="0"/>
      <line num="21" type="stmt" count="0"/>
      <line num="22" type="stmt" count="0"/>
      <line num="24" type="method" name="getWeatherInformation" crap="2" count="0"/>
      <line num="27" type="stmt" count="0"/>
      <line num="30" type="stmt" count="1"/>
      <metrics loc="29" ncloc="28" classes="1" methods="2" coveredmethods="0" conditionals="0" coveredconditionals="0" statements="6" coveredstatements="2" elements="8" coveredelements="2"/>
    </file>
    <file name="/home/jaceituno/Projects/WeatherGuy/src/WeatherGuy/WeatherGuyInterface.php">
      <line num="7" type="stmt" count="1"/>
      <line num="11" type="stmt" count="1"/>
      <metrics loc="10" ncloc="9" classes="0" methods="0" coveredmethods="0" conditionals="0" coveredconditionals="0" statements="2" coveredstatements="2" elements="2" coveredelements="2"/>
    </file>
    <metrics files="7" loc="134" ncloc="96" classes="2" methods="3" coveredmethods="0" conditionals="0" coveredconditionals="0" statements="19" coveredstatements="4" elements="22" coveredelements="4"/>
  </project>
</coverage>
